imglib/build/intermediates/manifest_merge_blame_file/debug/manifest-merger-blame-debug-report.txt
1<?xml version="1.0" encoding="utf-8"?>
2<manifest xmlns:android="http://schemas.android.com/apk/res/android"
3    package="com.soundcloud.android.crop" >
4
5    <uses-sdk
6        android:minSdkVersion="9"
6-->src\main\AndroidManifest.xml
7        android:targetSdkVersion="19" />
7-->src\main\AndroidManifest.xml
8
9    <application android:allowBackup="false" />
9-->src\main\AndroidManifest.xml:4:5-5:39
9-->src\main\AndroidManifest.xml:5:9-36
10
11</manifest>